<testExecutions version="1">
  <file path="tests/envManager.test.ts">
    <testCase name="validateEnv - should validate environment successfully" duration="7" />
    <testCase name="validateEnv - should exit process when validation fails" duration="2" />
  </file>
</testExecutions>